22-Jul-2022 12:35:14 ERROR - ID is Invalid
25-Jul-2022 10:20:51 ERROR - Validator.INVALID_ID
com.infosys.exception.InvalidEmployeeException: Validator.INVALID_ID
	at com.infosys.validator.Validator.validate(Validator.java:36) ~[bin/:?]
	at com.infosys.service.EmployeeServiceImpl.addEmployee(EmployeeServiceImpl.java:21) ~[bin/:?]
	at com.infosys.test.EmployeeServiceTest.lambda$0(EmployeeServiceTest.java:18) ~[bin/:?]
	at org.junit.jupiter.api.AssertThrows.assertThrows(AssertThrows.java:55) ~[org.junit.jupiter.api_5.8.1.v20211018-1956.jar:5.8.1]
	at org.junit.jupiter.api.AssertThrows.assertThrows(AssertThrows.java:37) ~[org.junit.jupiter.api_5.8.1.v20211018-1956.jar:5.8.1]
	at org.junit.jupiter.api.Assertions.assertThrows(Assertions.java:3082) ~[org.junit.jupiter.api_5.8.1.v20211018-1956.jar:5.8.1]
	at com.infosys.test.EmployeeServiceTest.validateInvalidTest(EmployeeServiceTest.java:17) ~[bin/:?]
	at jdk.internal.reflect.NativeMethodAccessorImpl.invoke0(Native Method) ~[?:?]
	at jdk.internal.reflect.NativeMethodAccessorImpl.invoke(NativeMethodAccessorImpl.java:77) ~[?:?]
	at jdk.internal.reflect.DelegatingMethodAccessorImpl.invoke(DelegatingMethodAccessorImpl.java:43) ~[?:?]
	at java.lang.reflect.Method.invoke(Method.java:568) ~[?:?]
	at org.junit.platform.commons.util.ReflectionUtils.invokeMethod(ReflectionUtils.java:725) ~[org.junit.platform.commons_1.8.1.v20211018-1956.jar:1.8.1]
	at org.junit.jupiter.engine.execution.MethodInvocation.proceed(MethodInvocation.java:60) ~[org.junit.jupiter.engine_5.8.1.v20211018-1956.jar:5.8.1]
	at org.junit.jupiter.engine.execution.InvocationInterceptorChain$ValidatingInvocation.proceed(InvocationInterceptorChain.java:131) ~[org.junit.jupiter.engine_5.8.1.v20211018-1956.jar:5.8.1]
	at org.junit.jupiter.engine.extension.TimeoutExtension.intercept(TimeoutExtension.java:149) ~[org.junit.jupiter.engine_5.8.1.v20211018-1956.jar:5.8.1]
	at org.junit.jupiter.engine.extension.TimeoutExtension.interceptTestableMethod(TimeoutExtension.java:140) ~[org.junit.jupiter.engine_5.8.1.v20211018-1956.jar:5.8.1]
	at org.junit.jupiter.engine.extension.TimeoutExtension.interceptTestMethod(TimeoutExtension.java:84) ~[org.junit.jupiter.engine_5.8.1.v20211018-1956.jar:5.8.1]
	at org.junit.jupiter.engine.execution.ExecutableInvoker$ReflectiveInterceptorCall.lambda$ofVoidMethod$0(ExecutableInvoker.java:115) ~[org.junit.jupiter.engine_5.8.1.v20211018-1956.jar:5.8.1]
	at org.junit.jupiter.engine.execution.ExecutableInvoker.lambda$invoke$0(ExecutableInvoker.java:105) ~[org.junit.jupiter.engine_5.8.1.v20211018-1956.jar:5.8.1]
	at org.junit.jupiter.engine.execution.InvocationInterceptorChain$InterceptedInvocation.proceed(InvocationInterceptorChain.java:106) ~[org.junit.jupiter.engine_5.8.1.v20211018-1956.jar:5.8.1]
	at org.junit.jupiter.engine.execution.InvocationInterceptorChain.proceed(InvocationInterceptorChain.java:64) ~[org.junit.jupiter.engine_5.8.1.v20211018-1956.jar:5.8.1]
	at org.junit.jupiter.engine.execution.InvocationInterceptorChain.chainAndInvoke(InvocationInterceptorChain.java:45) ~[org.junit.jupiter.engine_5.8.1.v20211018-1956.jar:5.8.1]
	at org.junit.jupiter.engine.execution.InvocationInterceptorChain.invoke(InvocationInterceptorChain.java:37) ~[org.junit.jupiter.engine_5.8.1.v20211018-1956.jar:5.8.1]
	at org.junit.jupiter.engine.execution.ExecutableInvoker.invoke(ExecutableInvoker.java:104) ~[org.junit.jupiter.engine_5.8.1.v20211018-1956.jar:5.8.1]
	at org.junit.jupiter.engine.execution.ExecutableInvoker.invoke(ExecutableInvoker.java:98) ~[org.junit.jupiter.engine_5.8.1.v20211018-1956.jar:5.8.1]
	at org.junit.jupiter.engine.descriptor.TestMethodTestDescriptor.lambda$invokeTestMethod$7(TestMethodTestDescriptor.java:214) ~[org.junit.jupiter.engine_5.8.1.v20211018-1956.jar:5.8.1]
	at org.junit.platform.engine.support.hierarchical.ThrowableCollector.execute(ThrowableCollector.java:73) ~[org.junit.platform.engine_1.8.1.v20211018-1956.jar:1.8.1]
	at org.junit.jupiter.engine.descriptor.TestMethodTestDescriptor.invokeTestMethod(TestMethodTestDescriptor.java:210) ~[org.junit.jupiter.engine_5.8.1.v20211018-1956.jar:5.8.1]
	at org.junit.jupiter.engine.descriptor.TestMethodTestDescriptor.execute(TestMethodTestDescriptor.java:135) ~[org.junit.jupiter.engine_5.8.1.v20211018-1956.jar:5.8.1]
	at org.junit.jupiter.engine.descriptor.TestMethodTestDescriptor.execute(TestMethodTestDescriptor.java:66) ~[org.junit.jupiter.engine_5.8.1.v20211018-1956.jar:5.8.1]
	at org.junit.platform.engine.support.hierarchical.NodeTestTask.lambda$executeRecursively$6(NodeTestTask.java:151) ~[org.junit.platform.engine_1.8.1.v20211018-1956.jar:1.8.1]
	at org.junit.platform.engine.support.hierarchical.ThrowableCollector.execute(ThrowableCollector.java:73) ~[org.junit.platform.engine_1.8.1.v20211018-1956.jar:1.8.1]
	at org.junit.platform.engine.support.hierarchical.NodeTestTask.lambda$executeRecursively$8(NodeTestTask.java:141) ~[org.junit.platform.engine_1.8.1.v20211018-1956.jar:1.8.1]
	at org.junit.platform.engine.support.hierarchical.Node.around(Node.java:137) ~[org.junit.platform.engine_1.8.1.v20211018-1956.jar:1.8.1]
	at org.junit.platform.engine.support.hierarchical.NodeTestTask.lambda$executeRecursively$9(NodeTestTask.java:139) ~[org.junit.platform.engine_1.8.1.v20211018-1956.jar:1.8.1]
	at org.junit.platform.engine.support.hierarchical.ThrowableCollector.execute(ThrowableCollector.java:73) ~[org.junit.platform.engine_1.8.1.v20211018-1956.jar:1.8.1]
	at org.junit.platform.engine.support.hierarchical.NodeTestTask.executeRecursively(NodeTestTask.java:138) ~[org.junit.platform.engine_1.8.1.v20211018-1956.jar:1.8.1]
	at org.junit.platform.engine.support.hierarchical.NodeTestTask.execute(NodeTestTask.java:95) ~[org.junit.platform.engine_1.8.1.v20211018-1956.jar:1.8.1]
	at java.util.ArrayList.forEach(ArrayList.java:1511) ~[?:?]
	at org.junit.platform.engine.support.hierarchical.SameThreadHierarchicalTestExecutorService.invokeAll(SameThreadHierarchicalTestExecutorService.java:41) ~[org.junit.platform.engine_1.8.1.v20211018-1956.jar:1.8.1]
	at org.junit.platform.engine.support.hierarchical.NodeTestTask.lambda$executeRecursively$6(NodeTestTask.java:155) ~[org.junit.platform.engine_1.8.1.v20211018-1956.jar:1.8.1]
	at org.junit.platform.engine.support.hierarchical.ThrowableCollector.execute(ThrowableCollector.java:73) ~[org.junit.platform.engine_1.8.1.v20211018-1956.jar:1.8.1]
	at org.junit.platform.engine.support.hierarchical.NodeTestTask.lambda$executeRecursively$8(NodeTestTask.java:141) ~[org.junit.platform.engine_1.8.1.v20211018-1956.jar:1.8.1]
	at org.junit.platform.engine.support.hierarchical.Node.around(Node.java:137) ~[org.junit.platform.engine_1.8.1.v20211018-1956.jar:1.8.1]
	at org.junit.platform.engine.support.hierarchical.NodeTestTask.lambda$executeRecursively$9(NodeTestTask.java:139) ~[org.junit.platform.engine_1.8.1.v20211018-1956.jar:1.8.1]
	at org.junit.platform.engine.support.hierarchical.ThrowableCollector.execute(ThrowableCollector.java:73) ~[org.junit.platform.engine_1.8.1.v20211018-1956.jar:1.8.1]
	at org.junit.platform.engine.support.hierarchical.NodeTestTask.executeRecursively(NodeTestTask.java:138) ~[org.junit.platform.engine_1.8.1.v20211018-1956.jar:1.8.1]
	at org.junit.platform.engine.support.hierarchical.NodeTestTask.execute(NodeTestTask.java:95) ~[org.junit.platform.engine_1.8.1.v20211018-1956.jar:1.8.1]
	at java.util.ArrayList.forEach(ArrayList.java:1511) ~[?:?]
	at org.junit.platform.engine.support.hierarchical.SameThreadHierarchicalTestExecutorService.invokeAll(SameThreadHierarchicalTestExecutorService.java:41) ~[org.junit.platform.engine_1.8.1.v20211018-1956.jar:1.8.1]
	at org.junit.platform.engine.support.hierarchical.NodeTestTask.lambda$executeRecursively$6(NodeTestTask.java:155) ~[org.junit.platform.engine_1.8.1.v20211018-1956.jar:1.8.1]
	at org.junit.platform.engine.support.hierarchical.ThrowableCollector.execute(ThrowableCollector.java:73) ~[org.junit.platform.engine_1.8.1.v20211018-1956.jar:1.8.1]
	at org.junit.platform.engine.support.hierarchical.NodeTestTask.lambda$executeRecursively$8(NodeTestTask.java:141) ~[org.junit.platform.engine_1.8.1.v20211018-1956.jar:1.8.1]
	at org.junit.platform.engine.support.hierarchical.Node.around(Node.java:137) ~[org.junit.platform.engine_1.8.1.v20211018-1956.jar:1.8.1]
	at org.junit.platform.engine.support.hierarchical.NodeTestTask.lambda$executeRecursively$9(NodeTestTask.java:139) ~[org.junit.platform.engine_1.8.1.v20211018-1956.jar:1.8.1]
	at org.junit.platform.engine.support.hierarchical.ThrowableCollector.execute(ThrowableCollector.java:73) ~[org.junit.platform.engine_1.8.1.v20211018-1956.jar:1.8.1]
	at org.junit.platform.engine.support.hierarchical.NodeTestTask.executeRecursively(NodeTestTask.java:138) ~[org.junit.platform.engine_1.8.1.v20211018-1956.jar:1.8.1]
	at org.junit.platform.engine.support.hierarchical.NodeTestTask.execute(NodeTestTask.java:95) ~[org.junit.platform.engine_1.8.1.v20211018-1956.jar:1.8.1]
	at org.junit.platform.engine.support.hierarchical.SameThreadHierarchicalTestExecutorService.submit(SameThreadHierarchicalTestExecutorService.java:35) ~[org.junit.platform.engine_1.8.1.v20211018-1956.jar:1.8.1]
	at org.junit.platform.engine.support.hierarchical.HierarchicalTestExecutor.execute(HierarchicalTestExecutor.java:57) ~[org.junit.platform.engine_1.8.1.v20211018-1956.jar:1.8.1]
	at org.junit.platform.engine.support.hierarchical.HierarchicalTestEngine.execute(HierarchicalTestEngine.java:54) ~[org.junit.platform.engine_1.8.1.v20211018-1956.jar:1.8.1]
	at org.junit.platform.launcher.core.EngineExecutionOrchestrator.execute(EngineExecutionOrchestrator.java:107) ~[org.junit.platform.launcher_1.8.1.v20211018-1956.jar:1.8.1]
	at org.junit.platform.launcher.core.EngineExecutionOrchestrator.execute(EngineExecutionOrchestrator.java:88) ~[org.junit.platform.launcher_1.8.1.v20211018-1956.jar:1.8.1]
	at org.junit.platform.launcher.core.EngineExecutionOrchestrator.lambda$execute$0(EngineExecutionOrchestrator.java:54) ~[org.junit.platform.launcher_1.8.1.v20211018-1956.jar:1.8.1]
	at org.junit.platform.launcher.core.EngineExecutionOrchestrator.withInterceptedStreams(EngineExecutionOrchestrator.java:67) [org.junit.platform.launcher_1.8.1.v20211018-1956.jar:1.8.1]
	at org.junit.platform.launcher.core.EngineExecutionOrchestrator.execute(EngineExecutionOrchestrator.java:52) [org.junit.platform.launcher_1.8.1.v20211018-1956.jar:1.8.1]
	at org.junit.platform.launcher.core.DefaultLauncher.execute(DefaultLauncher.java:114) [org.junit.platform.launcher_1.8.1.v20211018-1956.jar:1.8.1]
	at org.junit.platform.launcher.core.DefaultLauncher.execute(DefaultLauncher.java:95) [org.junit.platform.launcher_1.8.1.v20211018-1956.jar:1.8.1]
	at org.junit.platform.launcher.core.DefaultLauncherSession$DelegatingLauncher.execute(DefaultLauncherSession.java:91) [org.junit.platform.launcher_1.8.1.v20211018-1956.jar:1.8.1]
	at org.junit.platform.launcher.core.SessionPerRequestLauncher.execute(SessionPerRequestLauncher.java:60) [org.junit.platform.launcher_1.8.1.v20211018-1956.jar:1.8.1]
	at org.eclipse.jdt.internal.junit5.runner.JUnit5TestReference.run(JUnit5TestReference.java:98) [.cp/:?]
	at org.eclipse.jdt.internal.junit.runner.TestExecution.run(TestExecution.java:40) [.cp/:?]
	at org.eclipse.jdt.internal.junit.runner.RemoteTestRunner.runTests(RemoteTestRunner.java:529) [.cp/:?]
	at org.eclipse.jdt.internal.junit.runner.RemoteTestRunner.runTests(RemoteTestRunner.java:756) [.cp/:?]
	at org.eclipse.jdt.internal.junit.runner.RemoteTestRunner.run(RemoteTestRunner.java:452) [.cp/:?]
	at org.eclipse.jdt.internal.junit.runner.RemoteTestRunner.main(RemoteTestRunner.java:210) [.cp/:?]
